<?xml version="1.0" encoding="UTF-8"?>
<testng-results skipped="0" failed="0" ignored="0" total="1" passed="1">
  <reporter-output>
  </reporter-output>
  <suite name="Default suite" duration-ms="158" started-at="2019-09-08T11:36:59Z" finished-at="2019-09-08T11:37:00Z">
    <groups>
    </groups>
    <test name="Default test" duration-ms="158" started-at="2019-09-08T11:36:59Z" finished-at="2019-09-08T11:37:00Z">
      <class name="com.abc.TestNG.Demo">
        <test-method status="PASS" signature="a()[pri:0, instance:com.abc.TestNG.Demo@158da8e]" name="a" duration-ms="46" started-at="2019-09-08T11:37:00Z" finished-at="2019-09-08T11:37:00Z">
          <reporter-output>
          </reporter-output>
        </test-method> <!-- a -->
      </class> <!-- com.abc.TestNG.Demo -->
    </test> <!-- Default test -->
  </suite> <!-- Default suite -->
</testng-results>
